<?xml version="1.0" encoding="UTF-8"?>
<!-- Generated by org.testng.reporters.JUnitReportReporter -->
<testsuite skipped="0" hostname="Testing-PC" name="testcases.LoginTest" tests="1" failures="0" timestamp="2020-08-11T18:22:43 IST" time="0.466" errors="0">
  <testcase name="login" time="0.466" classname="testcases.LoginTest"/>
</testsuite> <!-- testcases.LoginTest -->
