<?xml version="1.0" encoding="UTF-8"?>
<!-- Generated by org.testng.reporters.JUnitReportReporter -->
<testsuite skipped="0" hostname="Testing-PC" name="testNGPrograms.TestCase3" tests="2" failures="0" timestamp="2020-08-01T18:09:01 IST" time="9.457" errors="0">
  <testcase name="logout" time="4.521" classname="testNGPrograms.TestCase3"/>
  <testcase name="login" time="4.936" classname="testNGPrograms.TestCase3"/>
</testsuite> <!-- testNGPrograms.TestCase3 -->
