<?xml version="1.0" encoding="UTF-8"?>
<!-- Generated by org.testng.reporters.JUnitReportReporter -->
<testsuite skipped="0" hostname="Testing-PC" name="testcases.LoginTest" tests="1" failures="0" timestamp="12 Aug 2020 12:37:48 GMT" time="0.864" errors="0">
  <testcase name="login" time="0.864" classname="testcases.LoginTest"/>
</testsuite> <!-- testcases.LoginTest -->
