<?xml version="1.0" encoding="UTF-8"?>
<!-- Generated by org.testng.reporters.JUnitReportReporter -->
<testsuite skipped="0" hostname="Testing-PC" name="testcases.UploadPhotoTest" tests="1" failures="0" timestamp="12 Aug 2020 12:37:48 GMT" time="22.983" errors="0">
  <testcase name="UploadPic" time="22.983" classname="testcases.UploadPhotoTest"/>
</testsuite> <!-- testcases.UploadPhotoTest -->
